<?xml version="1.0" encoding="UTF-8"?>
<testsuite xmlns:xsi="http://www.w3.org/2001/XMLSchema-instance" xsi:noNamespaceSchemaLocation="https://maven.apache.org/surefire/maven-surefire-plugin/xsd/surefire-test-report-3.0.xsd" version="3.0" name="com.example.ImageQueryMethodsTest" time="1.118" tests="2" errors="0" skipped="0" failures="0">
  <properties>
[...]
</properties>
  <testcase name="test_getImagesByLocation_relativeToIMG3141" classname="com.example.ImageQueryMethodsTest" time="0.04">
    <system-out><![CDATA[=== BEGIN ImageQueryMethodsTest setup ===
Using date range: 2026-02-07 -> 2026-02-11
Radii: small=0.2km, large=50.0km
DEBUG IMG_3141.jpg:
  date: 2026:02:07 21:18:06
  lat: 33.7937
  lon: 84.3385
  alt: 292.1816065192084
[INSERT] IMG_3141.jpg sha=a2ef6eee03ca40346d68a6abc2d5012c5d33b545ab429ec174a70fcb3e18a535 gps=true lat=33.7937 lon=-84.3385 datetime=2026:02:07 21:18:06
DEBUG IMG_3142.jpg:
  date: 2026:02:08 09:45:39
  lat: 33.79375833333333
  lon: 84.33862222222221
  alt: 287.83828861493834
[INSERT] IMG_3142.jpg sha=07a08161dbab39865540e7a53b7690ebc943bf8038cba41233afde670c86c94e gps=true lat=33.79375833333333 lon=-84.33862222222221 datetime=2026:02:08 09:45:39
DEBUG IMG_3143.jpg:
  date: 2026:02:08 09:45:49
  lat: 33.79373611111111
  lon: 84.33858611111111
  alt: 285.9743309666849
[INSERT] IMG_3143.jpg sha=7d85d8bb2afd4486eeb3ab7a920a41621167bba2ee67479ed6d2b6d8bab38ddb gps=true lat=33.79373611111111 lon=-84.33858611111111 datetime=2026:02:08 09:45:49
DEBUG IMG_5585.jpg:
  date: 2026:02:15 16:44:55
  lat: 33.799302777777775
  lon: 84.32148611111111
  alt: 307.27780074410913
[INSERT] IMG_5585.jpg sha=86fc41f656d2e294ff74dcb354ad3f0097975acdcc0c8429553dfa01ce9f3bb0 gps=true lat=33.799302777777775 lon=-84.32148611111111 datetime=2026:02:15 16:44:55
DEBUG IMG_7804.jpg:
  date: 2026:02:10 15:57:53
  lat: null
  lon: null
  alt: null
[INSERT] IMG_7804.jpg sha=f8d299de00d5fb41c8603eb8ec4a0500902bec445e36b25e8fd616ba0bceaa00 gps=false lat=null lon=null datetime=2026:02:10 15:57:53
=== END setup ===
=== test_getImagesByLocation_relativeToIMG3141 ===
Center (from IMG-3141): lat=33.7937 lon=-84.3385
Nearby Small Radius (<= 0.2 km): 3
  - IMG_3141.jpg lat=33.7937 lon=-84.3385
  - IMG_3143.jpg lat=33.79373611111111 lon=-84.33858611111111
  - IMG_3142.jpg lat=33.79375833333333 lon=-84.33862222222221
Center (from IMG-3141): lat=33.7937 lon=-84.3385
Nearby Large Radius (<= 50.0 km): 4
  - IMG_3141.jpg lat=33.7937 lon=-84.3385
  - IMG_3143.jpg lat=33.79373611111111 lon=-84.33858611111111
  - IMG_3142.jpg lat=33.79375833333333 lon=-84.33862222222221
  - IMG_5585.jpg lat=33.799302777777775 lon=-84.32148611111111
]]></system-out>
  </testcase>
  <testcase name="test_getImagesByDateRange_dateRangeSettable" classname="com.example.ImageQueryMethodsTest" time="0.003">
    <system-out><![CDATA[=== test_getImagesByDateRange_dateRangeSettable ===
Returned rows: 4
  - IMG_7804.jpg datetime_taken=2026-02-10 15:57:53.0
  - IMG_3143.jpg datetime_taken=2026-02-08 09:45:49.0
  - IMG_3142.jpg datetime_taken=2026-02-08 09:45:39.0
  - IMG_3141.jpg datetime_taken=2026-02-07 21:18:06.0
]]></system-out>
  </testcase>
</testsuite>